<?xml version="1.0" encoding="UTF-8"?>
<testng-results ignored="0" total="2" passed="1" failed="0" skipped="1">
  <reporter-output>
    <line>
      <![CDATA[CreateOrganizationWithIndustryAndTypeTest is pass]]>
    </line>
  </reporter-output>
  <suite started-at="2022-09-11T20:54:13 IST" name="Suite" finished-at="2022-09-11T20:54:37 IST" duration-ms="23620">
    <groups>
      <group name="smokeTest">
        <method signature="ToCreateOrganisationTest.createOrganisationTest()[pri:0, instance:com.crm.createOrganisation.ToCreateOrganisationTest@506ae4d4]" name="createOrganisationTest" class="com.crm.createOrganisation.ToCreateOrganisationTest"/>
      </group> <!-- smokeTest -->
    </groups>
    <test started-at="2022-09-11T20:54:13 IST" name="testRunner2" finished-at="2022-09-11T20:54:32 IST" duration-ms="18466">
      <class name="com.crm.createOrganisation.CreateOrganizationWithIndustryAndTypeTest">
        <test-method is-config="true" signature="dbConfig()[pri:0, instance:com.crm.createOrganisation.CreateOrganizationWithIndustryAndTypeTest@738dc9b]" started-at="2022-09-11T20:54:13 IST" name="dbConfig" finished-at="2022-09-11T20:54:13 IST" duration-ms="7" status="PASS">
          <reporter-output>
          </reporter-output>
        </test-method> <!-- dbConfig -->
        <test-method is-config="true" signature="launchTheBrowser()[pri:0, instance:com.crm.createOrganisation.CreateOrganizationWithIndustryAndTypeTest@738dc9b]" started-at="2022-09-11T20:54:13 IST" name="launchTheBrowser" finished-at="2022-09-11T20:54:17 IST" duration-ms="3963" status="PASS">
          <reporter-output>
          </reporter-output>
        </test-method> <!-- launchTheBrowser -->
        <test-method is-config="true" signature="loginToAppln()[pri:0, instance:com.crm.createOrganisation.CreateOrganizationWithIndustryAndTypeTest@738dc9b]" started-at="2022-09-11T20:54:17 IST" name="loginToAppln" finished-at="2022-09-11T20:54:20 IST" duration-ms="2712" status="PASS">
          <reporter-output>
          </reporter-output>
        </test-method> <!-- loginToAppln -->
        <test-method signature="createOrganizationWithIndustryAndTypeTest()[pri:1, instance:com.crm.createOrganisation.CreateOrganizationWithIndustryAndTypeTest@738dc9b]" started-at="2022-09-11T20:54:20 IST" name="createOrganizationWithIndustryAndTypeTest" finished-at="2022-09-11T20:54:30 IST" duration-ms="9920" status="PASS">
          <reporter-output>
            <line>
              <![CDATA[CreateOrganizationWithIndustryAndTypeTest is pass]]>
            </line>
          </reporter-output>
        </test-method> <!-- createOrganizationWithIndustryAndTypeTest -->
        <test-method is-config="true" signature="logoutFromAppln()[pri:0, instance:com.crm.createOrganisation.CreateOrganizationWithIndustryAndTypeTest@738dc9b]" started-at="2022-09-11T20:54:30 IST" name="logoutFromAppln" finished-at="2022-09-11T20:54:32 IST" duration-ms="1653" status="PASS">
          <reporter-output>
          </reporter-output>
        </test-method> <!-- logoutFromAppln -->
        <test-method is-config="true" signature="closeTheBrowser()[pri:0, instance:com.crm.createOrganisation.CreateOrganizationWithIndustryAndTypeTest@738dc9b]" started-at="2022-09-11T20:54:32 IST" name="closeTheBrowser" finished-at="2022-09-11T20:54:32 IST" duration-ms="190" status="PASS">
          <reporter-output>
          </reporter-output>
        </test-method> <!-- closeTheBrowser -->
        <test-method is-config="true" signature="closeDBconfig()[pri:0, instance:com.crm.createOrganisation.CreateOrganizationWithIndustryAndTypeTest@738dc9b]" started-at="2022-09-11T20:54:37 IST" name="closeDBconfig" finished-at="2022-09-11T20:54:37 IST" duration-ms="0" status="PASS">
          <reporter-output>
          </reporter-output>
        </test-method> <!-- closeDBconfig -->
      </class> <!-- com.crm.createOrganisation.CreateOrganizationWithIndustryAndTypeTest -->
    </test> <!-- testRunner2 -->
    <test started-at="2022-09-11T20:54:13 IST" name="testRunner1" finished-at="2022-09-11T20:54:37 IST" duration-ms="23601">
      <class name="com.crm.createOrganisation.ToCreateOrganisationTest">
        <test-method is-config="true" signature="launchTheBrowser()[pri:0, instance:com.crm.createOrganisation.ToCreateOrganisationTest@506ae4d4]" started-at="2022-09-11T20:54:13 IST" name="launchTheBrowser" finished-at="2022-09-11T20:54:17 IST" duration-ms="3411" status="PASS">
          <reporter-output>
          </reporter-output>
        </test-method> <!-- launchTheBrowser -->
        <test-method is-config="true" signature="loginToAppln()[pri:0, instance:com.crm.createOrganisation.ToCreateOrganisationTest@506ae4d4]" started-at="2022-09-11T20:54:17 IST" name="loginToAppln" finished-at="2022-09-11T20:54:37 IST" duration-ms="20156" status="FAIL">
          <exception class="org.openqa.selenium.NoSuchElementException">
            <message>
              <![CDATA[Cannot locate an element using By.all({By.xpath: //input[@type='text'],By.name: user_n})
For documentation on this error, please visit: https://selenium.dev/exceptions/#no_such_element
Build info: version: '4.3.0', revision: 'a4995e2c09*'
System info: host: 'DESKTOP-QJ8DNNF', ip: '192.168.43.32', os.name: 'Windows 10', os.arch: 'amd64', os.version: '10.0', java.version: '17.0.4'
Driver info: driver.version: RemoteWebDriver]]>
            </message>
            <full-stacktrace>
              <![CDATA[org.openqa.selenium.NoSuchElementException: Cannot locate an element using By.all({By.xpath: //input[@type='text'],By.name: user_n})
For documentation on this error, please visit: https://selenium.dev/exceptions/#no_such_element
Build info: version: '4.3.0', revision: 'a4995e2c09*'
System info: host: 'DESKTOP-QJ8DNNF', ip: '192.168.43.32', os.name: 'Windows 10', os.arch: 'amd64', os.version: '10.0', java.version: '17.0.4'
Driver info: driver.version: RemoteWebDriver
at org.openqa.selenium.support.pagefactory.ByAll.findElement(ByAll.java:58)
at org.openqa.selenium.remote.ElementLocation$ElementFinder$1.findElement(ElementLocation.java:136)
at org.openqa.selenium.remote.ElementLocation.findElement(ElementLocation.java:80)
at org.openqa.selenium.remote.RemoteWebDriver.findElement(RemoteWebDriver.java:387)
at org.openqa.selenium.remote.RemoteWebDriver.findElement(RemoteWebDriver.java:379)
at org.openqa.selenium.support.pagefactory.DefaultElementLocator.findElement(DefaultElementLocator.java:70)
at org.openqa.selenium.support.pagefactory.internal.LocatingElementHandler.invoke(LocatingElementHandler.java:39)
at jdk.proxy2/jdk.proxy2.$Proxy21.sendKeys(Unknown Source)
at com.crm.objectRepository.LoginPage.loginToAppli(LoginPage.java:52)
at com.crm.genericUtilities.BaseClass.loginToAppln(BaseClass.java:108)
at java.base/jdk.internal.reflect.NativeMethodAccessorImpl.invoke0(Native Method)
at java.base/jdk.internal.reflect.NativeMethodAccessorImpl.invoke(NativeMethodAccessorImpl.java:77)
at java.base/jdk.internal.reflect.DelegatingMethodAccessorImpl.invoke(DelegatingMethodAccessorImpl.java:43)
at java.base/java.lang.reflect.Method.invoke(Method.java:568)
at org.testng.internal.MethodInvocationHelper.invokeMethod(MethodInvocationHelper.java:133)
at org.testng.internal.MethodInvocationHelper.invokeMethodConsideringTimeout(MethodInvocationHelper.java:62)
at org.testng.internal.ConfigInvoker.invokeConfigurationMethod(ConfigInvoker.java:385)
at org.testng.internal.ConfigInvoker.invokeConfigurations(ConfigInvoker.java:321)
at org.testng.internal.TestInvoker.runConfigMethods(TestInvoker.java:700)
at org.testng.internal.TestInvoker.invokeMethod(TestInvoker.java:527)
at org.testng.internal.TestInvoker.invokeTestMethod(TestInvoker.java:173)
at org.testng.internal.MethodRunner.runInSequence(MethodRunner.java:46)
at org.testng.internal.TestInvoker$MethodInvocationAgent.invoke(TestInvoker.java:824)
at org.testng.internal.TestInvoker.invokeTestMethods(TestInvoker.java:146)
at org.testng.internal.TestMethodWorker.invokeTestMethods(TestMethodWorker.java:146)
at org.testng.internal.TestMethodWorker.run(TestMethodWorker.java:128)
at java.base/java.util.ArrayList.forEach(ArrayList.java:1511)
at org.testng.TestRunner.privateRun(TestRunner.java:794)
at org.testng.TestRunner.run(TestRunner.java:596)
at org.testng.SuiteRunner.runTest(SuiteRunner.java:377)
at org.testng.SuiteRunner.access$000(SuiteRunner.java:28)
at org.testng.SuiteRunner$SuiteWorker.run(SuiteRunner.java:418)
at org.testng.internal.thread.ThreadUtil.lambda$execute$0(ThreadUtil.java:64)
at java.base/java.util.concurrent.FutureTask.run(FutureTask.java:264)
at java.base/java.util.concurrent.ThreadPoolExecutor.runWorker(ThreadPoolExecutor.java:1136)
at java.base/java.util.concurrent.ThreadPoolExecutor$Worker.run(ThreadPoolExecutor.java:635)
at java.base/java.lang.Thread.run(Thread.java:833)
]]>
            </full-stacktrace>
          </exception> <!-- org.openqa.selenium.NoSuchElementException -->
          <reporter-output>
          </reporter-output>
        </test-method> <!-- loginToAppln -->
        <test-method signature="createOrganisationTest()[pri:0, instance:com.crm.createOrganisation.ToCreateOrganisationTest@506ae4d4]" started-at="2022-09-11T20:54:37 IST" name="createOrganisationTest" finished-at="2022-09-11T20:54:37 IST" duration-ms="0" status="SKIP">
          <exception class="org.openqa.selenium.NoSuchElementException">
            <message>
              <![CDATA[Cannot locate an element using By.all({By.xpath: //input[@type='text'],By.name: user_n})
For documentation on this error, please visit: https://selenium.dev/exceptions/#no_such_element
Build info: version: '4.3.0', revision: 'a4995e2c09*'
System info: host: 'DESKTOP-QJ8DNNF', ip: '192.168.43.32', os.name: 'Windows 10', os.arch: 'amd64', os.version: '10.0', java.version: '17.0.4'
Driver info: driver.version: RemoteWebDriver]]>
            </message>
            <full-stacktrace>
              <![CDATA[org.openqa.selenium.NoSuchElementException: Cannot locate an element using By.all({By.xpath: //input[@type='text'],By.name: user_n})
For documentation on this error, please visit: https://selenium.dev/exceptions/#no_such_element
Build info: version: '4.3.0', revision: 'a4995e2c09*'
System info: host: 'DESKTOP-QJ8DNNF', ip: '192.168.43.32', os.name: 'Windows 10', os.arch: 'amd64', os.version: '10.0', java.version: '17.0.4'
Driver info: driver.version: RemoteWebDriver
at org.openqa.selenium.support.pagefactory.ByAll.findElement(ByAll.java:58)
at org.openqa.selenium.remote.ElementLocation$ElementFinder$1.findElement(ElementLocation.java:136)
at org.openqa.selenium.remote.ElementLocation.findElement(ElementLocation.java:80)
at org.openqa.selenium.remote.RemoteWebDriver.findElement(RemoteWebDriver.java:387)
at org.openqa.selenium.remote.RemoteWebDriver.findElement(RemoteWebDriver.java:379)
at org.openqa.selenium.support.pagefactory.DefaultElementLocator.findElement(DefaultElementLocator.java:70)
at org.openqa.selenium.support.pagefactory.internal.LocatingElementHandler.invoke(LocatingElementHandler.java:39)
at jdk.proxy2/jdk.proxy2.$Proxy21.sendKeys(Unknown Source)
at com.crm.objectRepository.LoginPage.loginToAppli(LoginPage.java:52)
at com.crm.genericUtilities.BaseClass.loginToAppln(BaseClass.java:108)
at java.base/jdk.internal.reflect.NativeMethodAccessorImpl.invoke0(Native Method)
at java.base/jdk.internal.reflect.NativeMethodAccessorImpl.invoke(NativeMethodAccessorImpl.java:77)
at java.base/jdk.internal.reflect.DelegatingMethodAccessorImpl.invoke(DelegatingMethodAccessorImpl.java:43)
at java.base/java.lang.reflect.Method.invoke(Method.java:568)
at org.testng.internal.MethodInvocationHelper.invokeMethod(MethodInvocationHelper.java:133)
at org.testng.internal.MethodInvocationHelper.invokeMethodConsideringTimeout(MethodInvocationHelper.java:62)
at org.testng.internal.ConfigInvoker.invokeConfigurationMethod(ConfigInvoker.java:385)
at org.testng.internal.ConfigInvoker.invokeConfigurations(ConfigInvoker.java:321)
at org.testng.internal.TestInvoker.runConfigMethods(TestInvoker.java:700)
at org.testng.internal.TestInvoker.invokeMethod(TestInvoker.java:527)
at org.testng.internal.TestInvoker.invokeTestMethod(TestInvoker.java:173)
at org.testng.internal.MethodRunner.runInSequence(MethodRunner.java:46)
at org.testng.internal.TestInvoker$MethodInvocationAgent.invoke(TestInvoker.java:824)
at org.testng.internal.TestInvoker.invokeTestMethods(TestInvoker.java:146)
at org.testng.internal.TestMethodWorker.invokeTestMethods(TestMethodWorker.java:146)
at org.testng.internal.TestMethodWorker.run(TestMethodWorker.java:128)
at java.base/java.util.ArrayList.forEach(ArrayList.java:1511)
at org.testng.TestRunner.privateRun(TestRunner.java:794)
at org.testng.TestRunner.run(TestRunner.java:596)
at org.testng.SuiteRunner.runTest(SuiteRunner.java:377)
at org.testng.SuiteRunner.access$000(SuiteRunner.java:28)
at org.testng.SuiteRunner$SuiteWorker.run(SuiteRunner.java:418)
at org.testng.internal.thread.ThreadUtil.lambda$execute$0(ThreadUtil.java:64)
at java.base/java.util.concurrent.FutureTask.run(FutureTask.java:264)
at java.base/java.util.concurrent.ThreadPoolExecutor.runWorker(ThreadPoolExecutor.java:1136)
at java.base/java.util.concurrent.ThreadPoolExecutor$Worker.run(ThreadPoolExecutor.java:635)
at java.base/java.lang.Thread.run(Thread.java:833)
]]>
            </full-stacktrace>
          </exception> <!-- org.openqa.selenium.NoSuchElementException -->
          <reporter-output>
          </reporter-output>
        </test-method> <!-- createOrganisationTest -->
        <test-method is-config="true" signature="logoutFromAppln()[pri:0, instance:com.crm.createOrganisation.ToCreateOrganisationTest@506ae4d4]" started-at="2022-09-11T20:54:37 IST" name="logoutFromAppln" finished-at="1970-01-01T05:30:00 IST" duration-ms="-1662909877422" status="SKIP">
          <reporter-output>
          </reporter-output>
        </test-method> <!-- logoutFromAppln -->
        <test-method is-config="true" signature="closeTheBrowser()[pri:0, instance:com.crm.createOrganisation.ToCreateOrganisationTest@506ae4d4]" started-at="2022-09-11T20:54:37 IST" name="closeTheBrowser" finished-at="1970-01-01T05:30:00 IST" duration-ms="-1662909877423" status="SKIP">
          <reporter-output>
          </reporter-output>
        </test-method> <!-- closeTheBrowser -->
      </class> <!-- com.crm.createOrganisation.ToCreateOrganisationTest -->
    </test> <!-- testRunner1 -->
  </suite> <!-- Suite -->
</testng-results>
